android/app/build/intermediates/manifest_merge_blame_file/debug/manifest-merger-blame-debug-report.txt
1<?xml version="1.0" encoding="utf-8"?>
2<manifest xmlns:android="http://schemas.android.com/apk/res/android"
3    package="com.artoku.app"
4    android:versionCode="1"
5    android:versionName="1.0.0" >
6
7    <uses-sdk
8        android:minSdkVersion="24"
9        android:targetSdkVersion="34" />
10
11    <queries>
11-->[com.google.androidbrowserhelper:androidbrowserhelper:2.5.0] AndroidManifest.xml:26:5-34:15
12        <intent>
12-->[com.google.androidbrowserhelper:androidbrowserhelper:2.5.0] AndroidManifest.xml:27:9-33:18
13            <action android:name="android.intent.action.VIEW" />
13-->src\main\AndroidManifest.xml:21:17-69
13-->src\main\AndroidManifest.xml:21:25-66
14
15            <category android:name="android.intent.category.BROWSABLE" />
15-->src\main\AndroidManifest.xml:23:17-78
15-->src\main\AndroidManifest.xml:23:27-75
16
17            <data android:scheme="https" />
17-->src\main\AndroidManifest.xml:24:17-88
17-->src\main\AndroidManifest.xml:24:23-45
18        </intent>
19    </queries>
20
21    <permission
21-->[androidx.core:core:1.12.0] AndroidManifest.xml:22:5-24:47
22        android:name="com.artoku.app.DYNAMIC_RECEIVER_NOT_EXPORTED_PERMISSION"
22-->[androidx.core:core:1.12.0] AndroidManifest.xml:23:9-81
23        android:protectionLevel="signature" />
23-->[androidx.core:core:1.12.0] AndroidManifest.xml:24:9-44
24
25    <uses-permission android:name="com.artoku.app.DYNAMIC_RECEIVER_NOT_EXPORTED_PERMISSION" />
25-->[androidx.core:core:1.12.0] AndroidManifest.xml:26:5-97
25-->[androidx.core:core:1.12.0] AndroidManifest.xml:26:22-94
26
27    <application
27-->src\main\AndroidManifest.xml:5:5-42:19
28        android:allowBackup="true"
28-->src\main\AndroidManifest.xml:6:9-35
29        android:appComponentFactory="androidx.core.app.CoreComponentFactory"
29-->[androidx.core:core:1.12.0] AndroidManifest.xml:28:18-86
30        android:debuggable="true"
31        android:extractNativeLibs="false"
32        android:icon="@mipmap/ic_launcher"
32-->src\main\AndroidManifest.xml:7:9-43
33        android:label="Artoku"
33-->src\main\AndroidManifest.xml:8:9-31
34        android:supportsRtl="true"
34-->src\main\AndroidManifest.xml:9:9-35
35        android:theme="@style/AppTheme" >
35-->src\main\AndroidManifest.xml:10:9-40
36        <activity
36-->src\main\AndroidManifest.xml:12:9-41:20
37            android:name="com.artoku.app.MainActivity"
37-->src\main\AndroidManifest.xml:13:13-41
38            android:exported="true"
38-->src\main\AndroidManifest.xml:14:13-36
39            android:theme="@style/AppTheme" >
39-->src\main\AndroidManifest.xml:15:13-44
40            <intent-filter>
40-->src\main\AndroidManifest.xml:16:13-19:29
41                <action android:name="android.intent.action.MAIN" />
41-->src\main\AndroidManifest.xml:17:17-69
41-->src\main\AndroidManifest.xml:17:25-66
42
43                <category android:name="android.intent.category.LAUNCHER" />
43-->src\main\AndroidManifest.xml:18:17-77
43-->src\main\AndroidManifest.xml:18:27-74
44            </intent-filter>
45            <intent-filter android:autoVerify="true" >
45-->src\main\AndroidManifest.xml:20:13-25:29
45-->src\main\AndroidManifest.xml:20:28-53
46                <action android:name="android.intent.action.VIEW" />
46-->src\main\AndroidManifest.xml:21:17-69
46-->src\main\AndroidManifest.xml:21:25-66
47
48                <category android:name="android.intent.category.DEFAULT" />
48-->src\main\AndroidManifest.xml:22:17-76
48-->src\main\AndroidManifest.xml:22:27-73
49                <category android:name="android.intent.category.BROWSABLE" />
49-->src\main\AndroidManifest.xml:23:17-78
49-->src\main\AndroidManifest.xml:23:27-75
50
51                <data
51-->src\main\AndroidManifest.xml:24:17-88
52                    android:host="financedashv1.vercel.app"
52-->src\main\AndroidManifest.xml:24:46-85
53                    android:scheme="https" />
53-->src\main\AndroidManifest.xml:24:23-45
54            </intent-filter>
55
56            <meta-data
56-->src\main\AndroidManifest.xml:26:13-28:78
57                android:name="android.support.customtabs.trusted.DEFAULT_URL"
57-->src\main\AndroidManifest.xml:27:17-78
58                android:value="https://financedashv1.vercel.app/dashboard" />
58-->src\main\AndroidManifest.xml:28:17-75
59            <meta-data
59-->src\main\AndroidManifest.xml:29:13-31:68
60                android:name="android.support.customtabs.trusted.SPLASH_SCREEN_BACKGROUND_COLOR"
60-->src\main\AndroidManifest.xml:30:17-97
61                android:resource="@color/splashScreenBackground" />
61-->src\main\AndroidManifest.xml:31:17-65
62            <meta-data
62-->src\main\AndroidManifest.xml:32:13-34:39
63                android:name="android.support.customtabs.trusted.SPLASH_SCREEN_FADE_OUT_DURATION"
63-->src\main\AndroidManifest.xml:33:17-98
64                android:value="300" />
64-->src\main\AndroidManifest.xml:34:17-36
65            <meta-data
65-->src\main\AndroidManifest.xml:35:13-37:64
66                android:name="android.support.customtabs.trusted.NAVIGATION_BAR_COLOR"
66-->src\main\AndroidManifest.xml:36:17-87
67                android:resource="@color/navigationBarColor" />
67-->src\main\AndroidManifest.xml:37:17-61
68            <meta-data
68-->src\main\AndroidManifest.xml:38:13-40:60
69                android:name="android.support.customtabs.trusted.STATUS_BAR_COLOR"
69-->src\main\AndroidManifest.xml:39:17-83
70                android:resource="@color/statusBarColor" />
70-->src\main\AndroidManifest.xml:40:17-57
71        </activity>
72
73        <provider
73-->[androidx.emoji2:emoji2:1.2.0] AndroidManifest.xml:24:9-32:20
74            android:name="androidx.startup.InitializationProvider"
74-->[androidx.emoji2:emoji2:1.2.0] AndroidManifest.xml:25:13-67
75            android:authorities="com.artoku.app.androidx-startup"
75-->[androidx.emoji2:emoji2:1.2.0] AndroidManifest.xml:26:13-68
76            android:exported="false" >
76-->[androidx.emoji2:emoji2:1.2.0] AndroidManifest.xml:27:13-37
77            <meta-data
77-->[androidx.emoji2:emoji2:1.2.0] AndroidManifest.xml:29:13-31:52
78                android:name="androidx.emoji2.text.EmojiCompatInitializer"
78-->[androidx.emoji2:emoji2:1.2.0] AndroidManifest.xml:30:17-75
79                android:value="androidx.startup" />
79-->[androidx.emoji2:emoji2:1.2.0] AndroidManifest.xml:31:17-49
80            <meta-data
80-->[androidx.lifecycle:lifecycle-process:2.4.1] AndroidManifest.xml:31:13-33:52
81                android:name="androidx.lifecycle.ProcessLifecycleInitializer"
81-->[androidx.lifecycle:lifecycle-process:2.4.1] AndroidManifest.xml:32:17-78
82                android:value="androidx.startup" />
82-->[androidx.lifecycle:lifecycle-process:2.4.1] AndroidManifest.xml:33:17-49
83        </provider>
84    </application>
85
86</manifest>